<?xml version="1.0" encoding="UTF-8"?>
<!-- Generated by org.testng.reporters.JUnitReportReporter -->
<testsuite skipped="0" hostname="DESKTOP-FOM3TC5" name="APITest.tests.UsersTestGetUsers" tests="6" failures="0" timestamp="13 Dec 2017 07:20:24 GMT" time="0.674" errors="0">
  <testcase name="GetRestAssured" time="0.000" classname="APITest.tests.UsersTestGetUsers"/>
  <testcase name="GetUsersStatusCode" time="0.125" classname="APITest.tests.UsersTestGetUsers"/>
  <testcase name="GetResponseBody" time="0.486" classname="APITest.tests.UsersTestGetUsers"/>
  <testcase name="GetResponseHeader" time="0.000" classname="APITest.tests.UsersTestGetUsers"/>
  <testcase name="GetAllUsers" time="0.063" classname="APITest.tests.UsersTestGetUsers"/>
  <testcase name="AssertUsers" time="0.000" classname="APITest.tests.UsersTestGetUsers"/>
</testsuite> <!-- APITest.tests.UsersTestGetUsers -->
