<?xml version="1.0" encoding="UTF-8"?>
<!-- Generated by org.testng.reporters.JUnitReportReporter -->
<testsuite skipped="0" hostname="DESKTOP-FOM3TC5" name="APITest.tests.UsersTestPutValidAssert" tests="2" failures="0" timestamp="13 Dec 2017 05:52:36 GMT" time="3.792" errors="0">
  <testcase name="GetRestAssured" time="1.425" classname="APITest.tests.UsersTestPutValidAssert"/>
  <testcase name="AssertRetreivedUsers" time="2.367" classname="APITest.tests.UsersTestPutValidAssert"/>
</testsuite> <!-- APITest.tests.UsersTestPutValidAssert -->
