<?xml version="1.0" encoding="UTF-8"?>
<!-- Generated by org.testng.reporters.JUnitReportReporter -->
<testsuite skipped="0" hostname="DESKTOP-FOM3TC5" name="APITest.tests.UsersReset" tests="1" failures="0" timestamp="13 Dec 2017 07:20:24 GMT" time="1.615" errors="0">
  <testcase name="ResetUsers" time="1.615" classname="APITest.tests.UsersReset"/>
</testsuite> <!-- APITest.tests.UsersReset -->
