<?xml version="1.0" encoding="UTF-8"?>
<!-- Generated by org.testng.reporters.JUnitReportReporter -->
<testsuite skipped="0" hostname="DESKTOP-FOM3TC5" name="APITest.tests.UsersTestDataFields" tests="10" failures="0" timestamp="13 Dec 2017 07:20:24 GMT" time="0.173" errors="0">
  <testcase name="GetRestAssured" time="0.000" classname="APITest.tests.UsersTestDataFields"/>
  <testcase name="GetUsersStatusCode" time="0.110" classname="APITest.tests.UsersTestDataFields"/>
  <testcase name="GetResponseBody" time="0.015" classname="APITest.tests.UsersTestDataFields"/>
  <testcase name="GetAllUsers" time="0.048" classname="APITest.tests.UsersTestDataFields"/>
  <testcase name="AssertFirstName" time="0.000" classname="APITest.tests.UsersTestDataFields"/>
  <testcase name="AssertDateCreated" time="0.000" classname="APITest.tests.UsersTestDataFields"/>
  <testcase name="AssertLastName" time="0.000" classname="APITest.tests.UsersTestDataFields"/>
  <testcase name="AssertLastLogin" time="0.000" classname="APITest.tests.UsersTestDataFields"/>
  <testcase name="AssertEmails" time="0.000" classname="APITest.tests.UsersTestDataFields"/>
  <testcase name="AssertIds" time="0.000" classname="APITest.tests.UsersTestDataFields"/>
</testsuite> <!-- APITest.tests.UsersTestDataFields -->
