<?xml version="1.0" encoding="UTF-8"?>
<!-- Generated by org.testng.reporters.JUnitReportReporter -->
<testsuite skipped="0" hostname="DESKTOP-FOM3TC5" name="APITest.ResponseStatusTest" tests="1" failures="0" timestamp="12 Dec 2017 00:53:50 GMT" time="2.413" errors="0">
  <testcase name="GetUsersStatusCode" time="2.413" classname="APITest.ResponseStatusTest"/>
</testsuite> <!-- APITest.ResponseStatusTest -->
