<?xml version="1.0" encoding="UTF-8"?>
<!-- Generated by org.testng.reporters.JUnitReportReporter -->
<testsuite skipped="0" hostname="DESKTOP-FOM3TC5" name="APITest.UsersTest" tests="3" failures="0" timestamp="12 Dec 2017 00:49:00 GMT" time="1.941" errors="0">
  <testcase name="GetAllUsers" time="1.692" classname="APITest.UsersTest"/>
  <testcase name="GetStatusCode" time="0.125" classname="APITest.UsersTest"/>
  <testcase name="GetResponseHeader" time="0.124" classname="APITest.UsersTest"/>
</testsuite> <!-- APITest.UsersTest -->
