<?xml version="1.0" encoding="UTF-8"?>
<!-- Generated by org.testng.reporters.JUnitReportReporter -->
<testsuite skipped="0" hostname="DESKTOP-FOM3TC5" name="APITest.tests.UsersTestGetValidId" tests="3" failures="0" timestamp="13 Dec 2017 07:20:24 GMT" time="2.010" errors="0">
  <testcase name="GetRestAssured" time="0.000" classname="APITest.tests.UsersTestGetValidId"/>
  <testcase name="AssertRetreivedUsers" time="2.010" classname="APITest.tests.UsersTestGetValidId"/>
  <testcase name="GetResponseHeader" time="0.000" classname="APITest.tests.UsersTestGetValidId"/>
</testsuite> <!-- APITest.tests.UsersTestGetValidId -->
