<?xml version="1.0" encoding="UTF-8"?>
<!-- Generated by org.testng.reporters.JUnitReportReporter -->
<testsuite skipped="0" hostname="DESKTOP-FOM3TC5" name="APITest.tests.ResponseHeaderTest" tests="2" failures="0" timestamp="12 Dec 2017 03:10:59 GMT" time="1.587" errors="0">
  <testcase name="GetRestAssured" time="0.394" classname="APITest.tests.ResponseHeaderTest"/>
  <testcase name="GetResponseHeader" time="1.193" classname="APITest.tests.ResponseHeaderTest"/>
</testsuite> <!-- APITest.tests.ResponseHeaderTest -->
