<?xml version="1.0" encoding="UTF-8"?>
<!-- Generated by org.testng.reporters.JUnitReportReporter -->
<testsuite skipped="0" hostname="DESKTOP-FOM3TC5" name="APITest.tests.UsersTestGet" tests="6" failures="0" timestamp="12 Dec 2017 18:25:07 GMT" time="0.900" errors="0">
  <testcase name="GetRestAssured" time="0.016" classname="APITest.tests.UsersTestGet"/>
  <testcase name="GetUsersStatusCode" time="0.109" classname="APITest.tests.UsersTestGet"/>
  <testcase name="GetResponseBody" time="0.634" classname="APITest.tests.UsersTestGet"/>
  <testcase name="GetResponseHeader" time="0.015" classname="APITest.tests.UsersTestGet"/>
  <testcase name="GetAllUsers" time="0.110" classname="APITest.tests.UsersTestGet"/>
  <testcase name="AssertUsers" time="0.016" classname="APITest.tests.UsersTestGet"/>
</testsuite> <!-- APITest.tests.UsersTestGet -->
